[debug] [2024-01-29T17:51:08.771Z] ----------------------------------------------------------------------
[debug] [2024-01-29T17:51:08.775Z] Command:       C:\Program Files\nodejs\node.exe C:\Users\ajrne\AppData\Roaming\npm\node_modules\firebase-tools\lib\bin\firebase.js init
[debug] [2024-01-29T17:51:08.776Z] CLI Version:   12.9.0
[debug] [2024-01-29T17:51:08.776Z] Platform:      win32
[debug] [2024-01-29T17:51:08.777Z] Node Version:  v16.18.0
[debug] [2024-01-29T17:51:08.794Z] Time:          Tue Jan 30 2024 01:51:08 GMT+0800 (Singapore Standard Time)
[debug] [2024-01-29T17:51:08.794Z] ----------------------------------------------------------------------
[debug] 
[debug] [2024-01-29T17:51:08.801Z] >>> [apiv2][query] GET https://firebase-public.firebaseio.com/cli.json [none]
[debug] [2024-01-29T17:51:08.975Z] > command requires scopes: ["email","openid","https://www.googleapis.com/auth/cloudplatformprojects.readonly","https://www.googleapis.com/auth/firebase","https://www.googleapis.com/auth/cloud-platform"]
[debug] [2024-01-29T17:51:08.975Z] > authorizing via signed-in user (ajr.arnesto@gmail.com)
[info] 
     ######## #### ########  ######## ########     ###     ######  ########
     ##        ##  ##     ## ##       ##     ##  ##   ##  ##       ##
     ######    ##  ########  ######   ########  #########  ######  ######
     ##        ##  ##    ##  ##       ##     ## ##     ##       ## ##
     ##       #### ##     ## ######## ########  ##     ##  ######  ########

You're about to initialize a Firebase project in this directory:

  E:\Work\VSCode Projects\Website\Commissions\Pasada Admin

Before we get started, keep in mind:

  * You are initializing within an existing Firebase project directory

[debug] [2024-01-29T17:51:09.582Z] <<< [apiv2][status] GET https://firebase-public.firebaseio.com/cli.json 200
[debug] [2024-01-29T17:51:09.582Z] <<< [apiv2][body] GET https://firebase-public.firebaseio.com/cli.json {"cloudBuildErrorAfter":1594252800000,"cloudBuildWarnAfter":1590019200000,"defaultNode10After":1594252800000,"minVersion":"3.0.5","node8DeploysDisabledAfter":1613390400000,"node8RuntimeDisabledAfter":1615809600000,"node8WarnAfter":1600128000000}
